

Microchip Technology PIC LITE Macro Assembler V1.34 build -361300703 
                                                                                               Mon Jul 27 08:59:23 2015

Microchip Technology Omniscient Code Generator (Lite mode) build 201502162209
     1                           	processor	16F1936
     2                           	opt	pw 120
     3                           	opt	lm
     4                           	psect	maintext,global,class=CODE,merge=1,split=1,delta=2
     5                           	psect	cinit,global,class=CODE,merge=1,delta=2
     6                           	psect	cstackCOMMON,global,class=COMMON,space=1,delta=1
     7                           	dabs	1,0x7E,2
     8  000A                     
     9                           	psect	maintext
    10  07FB                     __pmaintext:	
    11                           ; #config settings
    12                           
    13                           
    14                           ; 0 bytes @ 0x4
    15 ;;
    16 ;;Main: autosize = 0, tempsize = 0, incstack = 0, save=0
    17 ;;
    18 ;; *************** function _main *****************
    19 ;; Defined at:
    20 ;;		line 14 in file "LCD HelloWorld.c"
    21 ;; Parameters:    Size  Location     Type
    22 ;;  argc            2    0[COMMON] int 
    23 ;;  argv            2    2[COMMON] PTR PTR unsigned char 
    24 ;; Auto vars:     Size  Location     Type
    25 ;;		None
    26 ;; Return value:  Size  Location     Type
    27 ;;                  2    0[COMMON] int 
    28 ;; Registers used:
    29 ;;		None
    30 ;; Tracked objects:
    31 ;;		On entry : B1F/0
    32 ;;		On exit  : 0/0
    33 ;;		Unchanged: 0/0
    34 ;; Data sizes:     COMMON   BANK0   BANK1   BANK2   BANK3   BANK4   BANK5   BANK6
    35 ;;      Params:         4       0       0       0       0       0       0       0
    36 ;;      Locals:         0       0       0       0       0       0       0       0
    37 ;;      Temps:          0       0       0       0       0       0       0       0
    38 ;;      Totals:         4       0       0       0       0       0       0       0
    39 ;;Total ram usage:        4 bytes
    40 ;; This function calls:
    41 ;;		Nothing
    42 ;; This function is called by:
    43 ;;		Startup code after reset
    44 ;; This function uses a non-reentrant model
    45 ;;
    46  07FB                     _main:	
    47                           
    48                           ;LCD HelloWorld.c: 16: return (0);
    49                           ;	Return value of _main is never used
    50                           
    51                           ;incstack = 0
    52                           ; Regs used in _main: []
    53  07FB  3180  2802         	ljmp	start
    54  07FD                     __end_of_main:	
    55  007E                     btemp	set	126	;btemp
    56  007E                     wtemp	set	126
    57  007E                     wtemp0	set	126
    58  0080                     wtemp1	set	128
    59  0082                     wtemp2	set	130
    60  0084                     wtemp3	set	132
    61  0086                     wtemp4	set	134
    62  0088                     wtemp5	set	136
    63  007F                     wtemp6	set	127
    64  007E                     ttemp	set	126
    65  007E                     ttemp0	set	126
    66  0081                     ttemp1	set	129
    67  0084                     ttemp2	set	132
    68  0087                     ttemp3	set	135
    69  007F                     ttemp4	set	127
    70  007E                     ltemp	set	126
    71  007E                     ltemp0	set	126
    72  0082                     ltemp1	set	130
    73  0086                     ltemp2	set	134
    74  0080                     ltemp3	set	128
    75                           
    76                           	psect	cinit
    77  07FD                     start_initialization:	
    78                           ;psect for function _main
    79                           
    80  07FD                     __initialization:	
    81  07FD                     end_of_initialization:	
    82                           ;End of C runtime variable initialization code
    83                           
    84  07FD                     __end_of__initialization:	
    85  07FD  0020               	movlb	0
    86  07FE  3187  2FFB         	ljmp	_main	;jump to C main() function
    87                           
    88                           	psect	cstackCOMMON
    89  0070                     __pcstackCOMMON:	
    90  0070                     ?_main:	
    91  0070                     main@argc:	
    92                           ; 2 bytes @ 0x0
    93                           
    94                           
    95                           ; 2 bytes @ 0x0
    96  0070                     	ds	2
    97  0072                     main@argv:	
    98                           
    99                           ; 2 bytes @ 0x2
   100  0072                     	ds	2
   101  0074                     ??_main:	


Data Sizes:
    Strings     0
    Constant    0
    Data        0
    BSS         0
    Persistent  0
    Stack       0

Auto Spaces:
    Space          Size  Autos    Used
    COMMON           14      4       4
    BANK0            80      0       0
    BANK1            80      0       0
    BANK2            80      0       0
    BANK3            80      0       0
    BANK4            80      0       0
    BANK5            80      0       0
    BANK6            16      0       0

Pointer List with Targets:

    None.

Critical Paths under _main in COMMON

    None.

Critical Paths under _main in BANK0

    None.

Critical Paths under _main in BANK1

    None.

Critical Paths under _main in BANK2

    None.

Critical Paths under _main in BANK3

    None.

Critical Paths under _main in BANK4

    None.

Critical Paths under _main in BANK5

    None.

Critical Paths under _main in BANK6

    None.

Call Graph Tables:

 ---------------------------------------------------------------------------------
 (Depth) Function   	        Calls       Base Space   Used Autos Params    Refs
 ---------------------------------------------------------------------------------
 (0) _main                                                 4     0      4       0
                                              0 COMMON     4     0      4
 ---------------------------------------------------------------------------------
 Estimated maximum stack depth 0
 ---------------------------------------------------------------------------------

 Call Graph Graphs:

 _main (ROOT)

 Address spaces:
Name               Size   Autos  Total    Cost      Usage
BIGRAM             1F0      0       0       0        0.0%
EEDATA             100      0       0       0        0.0%
NULL                 0      0       0       0        0.0%
CODE                 0      0       0       0        0.0%
BITCOMMON            E      0       0       1        0.0%
BITSFR0              0      0       0       1        0.0%
SFR0                 0      0       0       1        0.0%
COMMON               E      4       4       2       28.6%
BITSFR1              0      0       0       2        0.0%
SFR1                 0      0       0       2        0.0%
BITSFR2              0      0       0       3        0.0%
SFR2                 0      0       0       3        0.0%
STACK                0      0       0       3        0.0%
BITSFR3              0      0       0       4        0.0%
SFR3                 0      0       0       4        0.0%
ABS                  0      0       0       4        0.0%
BITBANK0            50      0       0       5        0.0%
BITSFR4              0      0       0       5        0.0%
SFR4                 0      0       0       5        0.0%
BANK0               50      0       0       6        0.0%
BITSFR5              0      0       0       6        0.0%
SFR5                 0      0       0       6        0.0%
BITBANK1            50      0       0       7        0.0%
BITSFR6              0      0       0       7        0.0%
SFR6                 0      0       0       7        0.0%
BANK1               50      0       0       8        0.0%
BITSFR7              0      0       0       8        0.0%
SFR7                 0      0       0       8        0.0%
BITBANK2            50      0       0       9        0.0%
BITSFR8              0      0       0       9        0.0%
SFR8                 0      0       0       9        0.0%
BANK2               50      0       0      10        0.0%
BITSFR9              0      0       0      10        0.0%
SFR9                 0      0       0      10        0.0%
BITBANK3            50      0       0      11        0.0%
BITSFR10             0      0       0      11        0.0%
SFR10                0      0       0      11        0.0%
BANK3               50      0       0      12        0.0%
BITSFR11             0      0       0      12        0.0%
SFR11                0      0       0      12        0.0%
BITBANK4            50      0       0      13        0.0%
BITSFR12             0      0       0      13        0.0%
SFR12                0      0       0      13        0.0%
BANK4               50      0       0      14        0.0%
BITSFR13             0      0       0      14        0.0%
SFR13                0      0       0      14        0.0%
BITBANK5            50      0       0      15        0.0%
BITSFR14             0      0       0      15        0.0%
SFR14                0      0       0      15        0.0%
BANK5               50      0       0      16        0.0%
BITSFR15             0      0       0      16        0.0%
SFR15                0      0       0      16        0.0%
BITBANK6            10      0       0      17        0.0%
BITSFR16             0      0       0      17        0.0%
SFR16                0      0       0      17        0.0%
BANK6               10      0       0      18        0.0%
BITSFR17             0      0       0      18        0.0%
SFR17                0      0       0      18        0.0%
BITSFR18             0      0       0      19        0.0%
SFR18                0      0       0      19        0.0%
DATA                 0      0       0      19        0.0%
BITSFR19             0      0       0      20        0.0%
SFR19                0      0       0      20        0.0%
BITSFR20             0      0       0      21        0.0%
SFR20                0      0       0      21        0.0%
BITSFR21             0      0       0      22        0.0%
SFR21                0      0       0      22        0.0%
BITSFR22             0      0       0      23        0.0%
SFR22                0      0       0      23        0.0%
BITSFR23             0      0       0      24        0.0%
SFR23                0      0       0      24        0.0%
BITSFR24             0      0       0      25        0.0%
SFR24                0      0       0      25        0.0%
BITSFR25             0      0       0      26        0.0%
SFR25                0      0       0      26        0.0%
BITSFR26             0      0       0      27        0.0%
SFR26                0      0       0      27        0.0%
BITSFR27             0      0       0      28        0.0%
SFR27                0      0       0      28        0.0%
BITSFR28             0      0       0      29        0.0%
SFR28                0      0       0      29        0.0%
BITSFR29             0      0       0      30        0.0%
SFR29                0      0       0      30        0.0%
BITSFR30             0      0       0      31        0.0%
SFR30                0      0       0      31        0.0%
BITSFR31             0      0       0      32        0.0%
SFR31                0      0       0      32        0.0%


Microchip Technology PIC Macro Assembler V1.34 build -361300703 
Symbol Table                                                                                   Mon Jul 27 08:59:23 2015

                   _main 07FB                     btemp 007E                     ltemp 007E  
                   start 0002                     ttemp 007E                     wtemp 007E  
                  ?_main 0070                    ltemp0 007E                    ltemp1 0082  
                  ltemp2 0086                    ltemp3 0080                    ttemp0 007E  
                  ttemp1 0081                    ttemp2 0084                    ttemp3 0087  
                  ttemp4 007F                    wtemp0 007E                    wtemp1 0080  
                  wtemp2 0082                    wtemp3 0084                    wtemp4 0086  
                  wtemp5 0088                    wtemp6 007F          __initialization 07FD  
           __end_of_main 07FD                   ??_main 0074  __end_of__initialization 07FD  
         __pcstackCOMMON 0070               __pmaintext 07FB     end_of_initialization 07FD  
    start_initialization 07FD                ___latbits 0002            __size_of_main 0002  
               main@argc 0070                 main@argv 0072  
